2022-12-01T05:11:26+00:00 DEBUG POST: https://ads.tiktok.com/marketing_api/api/developer/app/create_auto_approve/

{"business_platform":"PROD","smb_id":"tt4b_woocommerce_6388377e484a9httpkyclocalwp-admin","smb_name":"PROD","redirect_url":"http:\/\/kyc.local\/wp-admin\/"}

2022-12-01T05:11:31+00:00 ERROR Tt4b_Mapi_Class::create_open_source_app: Response: 

http_request_failed: cURL error 28: Operation timed out after 5074 milliseconds with 0 bytes received

2022-12-01T05:11:31+00:00 DEBUG Tt4b_Mapi_Class::create_open_source_app: Response: 

HTTP/1.1 200 OK
Server: nginx
Content-Type: application/json
X-Tt-Logid: 20221201051131010251004202020A395D,20221201051131010251004202020A395D
x-tt-trace-host: 018c756e694eda6725cc4aac34d36088dbf774cafe8717ec90f2c623e1a4bdba9d19d53461e44cd6541ddc1f9a92dfaa1ef72cd7fa5a82631e3b29e9130686cbb03e2ebab94174dd2f2d2affc2ed2675dad508768c74a68e68544202c21a23b46a
Content-Encoding: gzip
Content-Length: 198
X-Origin-Response-Time: 31,184.28.235.110
X-Akamai-Request-ID: ac8d3817.22b8675a
Date: Thu, 01 Dec 2022 05:11:31 GMT
X-Cache: TCP_MISS from a27-67-51-78.deploy.akamaitechnologies.com (AkamaiGHost/10.10.2-45048955) (-)
Connection: close
Vary: Accept-Encoding
X-Cache-Remote: TCP_MISS from a184-28-235-110.deploy.akamaitechnologies.com (AkamaiGHost/10.10.2-45048955) (-)
x-tt-trace-tag: id=16;cdn-cache=miss;type=dyn
Server-Timing: cdn-cache; desc=MISS, edge; dur=40, origin; dur=31
Server-Timing: inner; dur=22
X-Parent-Response-Time: 67,27.67.51.78

{"code":0,"msg":"ok","data":{"redirect_uri":"http:\/\/kyc.local\/wp-admin\/","external_data_key":"b7764c7c-0357-4587-8814-99ad7660835c","app_secret":"80820feec1817c5ca8e2762e811dd91d16aa0e3a","app_id":"7172043423061393409"}}

2022-12-01T06:30:22+00:00 DEBUG POST: https://ads.tiktok.com/marketing_api/api/developer/app/create_auto_approve/

{"business_platform":"PROD","smb_id":"tt4b_woocommerce_638849fecabeehttpkyclocalwp-admin","smb_name":"PROD","redirect_url":"http:\/\/kyc.local\/wp-admin\/"}

2022-12-01T06:30:27+00:00 ERROR Tt4b_Mapi_Class::create_open_source_app: Response: 

http_request_failed: cURL error 28: Operation timed out after 5000 milliseconds with 0 bytes received

2022-12-01T06:30:31+00:00 DEBUG Tt4b_Mapi_Class::create_open_source_app: Response: 

HTTP/1.1 200 OK
Server: nginx
Content-Type: application/json
X-Tt-Logid: 202212010630280102452480580E0AA34C,202212010630280102452480580E0AA34C
x-tt-trace-host: 018c756e694eda6725cc4aac34d36088dbc3cef0f0e7b2e64895ac1876d87a847735e6e9ce5ec2be3c60c7907d11affdad47ebd9d5dd9f4d20a0a02f08dbdeb24af75926c1172abd8bf2c3ce321524b664db745956fb781325d61826aa87411510
Content-Encoding: gzip
Content-Length: 198
X-Origin-Response-Time: 3897,23.52.40.22
X-Akamai-Request-ID: a0dfce3.6fc44694
Date: Thu, 01 Dec 2022 06:30:31 GMT
X-Cache: TCP_MISS from a27-67-51-39.deploy.akamaitechnologies.com (AkamaiGHost/10.10.2-45048955) (-)
Connection: close
Vary: Accept-Encoding
X-Cache-Remote: TCP_MISS from a23-52-40-22.deploy.akamaitechnologies.com (AkamaiGHost/10.10.2-45048955) (-)
x-tt-trace-tag: id=16;cdn-cache=miss;type=dyn
Server-Timing: cdn-cache; desc=MISS, edge; dur=45, origin; dur=3897
Server-Timing: inner; dur=3884
X-Parent-Response-Time: 3937,27.67.51.39

{"code":0,"msg":"ok","data":{"redirect_uri":"http:\/\/kyc.local\/wp-admin\/","external_data_key":"0d71078d-32ea-4fe2-a77b-6a0ece862f83","app_secret":"46deab797266da103bce329cff7afa5eada4c43f","app_id":"7172063766727622657"}}

2022-12-01T06:42:28+00:00 DEBUG tt4b_product_sync: missing access token for tt4b_product_sync
2022-12-01T06:42:34+00:00 DEBUG tt4b_product_sync: missing access token for tt4b_product_sync
2022-12-01T06:42:39+00:00 DEBUG tt4b_product_sync: missing access token for tt4b_product_sync
2022-12-01T06:42:44+00:00 DEBUG tt4b_product_sync: missing access token for tt4b_product_sync
2022-12-01T06:43:38+00:00 DEBUG tt4b_product_sync: missing access token for tt4b_product_sync
2022-12-01T06:43:43+00:00 DEBUG tt4b_product_sync: missing access token for tt4b_product_sync
2022-12-01T06:43:47+00:00 DEBUG tt4b_product_sync: missing access token for tt4b_product_sync
2022-12-01T06:43:52+00:00 DEBUG tt4b_product_sync: missing access token for tt4b_product_sync
2022-12-01T06:44:13+00:00 DEBUG tt4b_product_sync: missing access token for tt4b_product_sync
2022-12-01T06:44:18+00:00 DEBUG tt4b_product_sync: missing access token for tt4b_product_sync
2022-12-01T06:44:22+00:00 DEBUG tt4b_product_sync: missing access token for tt4b_product_sync
2022-12-01T06:44:27+00:00 DEBUG tt4b_product_sync: missing access token for tt4b_product_sync
2022-12-01T06:44:31+00:00 DEBUG tt4b_product_sync: missing access token for tt4b_product_sync
2022-12-01T06:44:37+00:00 DEBUG tt4b_product_sync: missing access token for tt4b_product_sync
2022-12-01T06:54:27+00:00 DEBUG Tt4b_Pixel_Class::inject_view_content_event: hit injectViewContentEvent
2022-12-01T06:54:27+00:00 DEBUG Tt4b_Pixel_Class::inject_view_content_event: Missing option "access_token"
2022-12-01T06:56:27+00:00 DEBUG Tt4b_Pixel_Class::inject_view_content_event: hit injectViewContentEvent
2022-12-01T06:56:27+00:00 DEBUG Tt4b_Pixel_Class::inject_view_content_event: Missing option "access_token"
2022-12-01T06:58:42+00:00 DEBUG Tt4b_Pixel_Class::inject_view_content_event: hit injectViewContentEvent
2022-12-01T06:58:42+00:00 DEBUG Tt4b_Pixel_Class::inject_view_content_event: Missing option "access_token"
2022-12-01T07:06:07+00:00 DEBUG Tt4b_Pixel_Class::inject_view_content_event: hit injectViewContentEvent
2022-12-01T07:06:07+00:00 DEBUG Tt4b_Pixel_Class::inject_view_content_event: Missing option "access_token"
2022-12-01T07:06:41+00:00 DEBUG Tt4b_Pixel_Class::inject_view_content_event: hit injectViewContentEvent
2022-12-01T07:06:41+00:00 DEBUG Tt4b_Pixel_Class::inject_view_content_event: Missing option "access_token"
2022-12-01T07:12:32+00:00 DEBUG Tt4b_Pixel_Class::inject_view_content_event: hit injectViewContentEvent
2022-12-01T07:12:32+00:00 DEBUG Tt4b_Pixel_Class::inject_view_content_event: Missing option "access_token"
2022-12-01T07:12:32+00:00 DEBUG Tt4b_Pixel_Class::inject_view_content_event: hit injectViewContentEvent
2022-12-01T07:12:32+00:00 DEBUG Tt4b_Pixel_Class::inject_view_content_event: Missing option "access_token"
